<?xml version="1.0" encoding="utf-8"?>
<TestRun id="32dc72b7-35f4-4972-bcfb-972b70eb45bc" name="alexander.meseldzija@PC-L0109 2024-11-25 15:38:27" runUser="PC-L0109\alexander.meseldzija" xmlns="http://microsoft.com/schemas/VisualStudio/TeamTest/2010">
  <Results>
    <UnitTestResult executionId="eff25556-c0df-4a48-b88d-2286e542af4f" testId="d7744238-9adf-b364-3d70-ae38261a8cd8" testName="TestDoesNotExist" computerName="PC-L0109" duration="00:00:00.0183996" startTime="2024-11-25T15:38:27.3755778+01:00" endTime="2024-11-25T15:38:27.3951390+01:00" testType="13cdc9d9-ddb5-4fa4-a97d-d965ccfc6d4b" outcome="Failed" testListId="8c84fa94-04c1-424b-9868-57a2d4851a1d" relativeResultsDirectory="eff25556-c0df-4a48-b88d-2286e542af4f"/>
  </Results>
  <TestDefinitions>
    <UnitTest name="TestDoesNotExist" storage="c:\dev\playground\playground.test\bin\debug\net9.0\playground.test.dll" id="d7744238-9adf-b364-3d70-ae38261a8cd8">
      <Execution id="eff25556-c0df-4a48-b88d-2286e542af4f" />
      <TestMethod codeBase="C:\dev\Playground\Playground.Test\bin\Debug\net9.0\Playground.Test.dll" adapterTypeName="executor://mstestadapter/v2" className="TestProject1.UnitTest1" name="TestShouldFail" />
    </UnitTest>
  </TestDefinitions>
  <TestEntries>
    <TestEntry testId="d7744238-9adf-b364-3d70-ae38261a8cd8" executionId="eff25556-c0df-4a48-b88d-2286e542af4f" testListId="8c84fa94-04c1-424b-9868-57a2d4851a1d" />
  </TestEntries>
  <TestLists>
    <TestList name="Results Not in a List" id="8c84fa94-04c1-424b-9868-57a2d4851a1d" />
    <TestList name="All Loaded Results" id="19431567-8539-422a-85d7-44ee4e166bda" />
  </TestLists>
  <ResultSummary outcome="Failed">
    <Counters total="1" executed="1" passed="0" failed="1" error="0" timeout="0" aborted="0" inconclusive="0" passedButRunAborted="0" notRunnable="0" notExecuted="0" disconnected="0" warning="0" completed="0" inProgress="0" pending="0" />
  </ResultSummary>
</TestRun>