<?xml version="1.0" encoding="utf-8"?>
<TestRun id="32dc72b7-35f4-4972-bcfb-972b70eb45bc" name="alexander.meseldzija@PC-L0109 2024-11-25 15:38:27" runUser="PC-L0109\alexander.meseldzija" xmlns="http://microsoft.com/schemas/VisualStudio/TeamTest/2010">
  <Times creation="2024-11-25T15:38:27.5859867+01:00" queuing="2024-11-25T15:38:27.5859872+01:00" start="2024-11-25T15:38:26.7286526+01:00" finish="2024-11-25T15:38:27.6045199+01:00" />
  <TestSettings name="default" id="5291548f-8adc-4573-93b0-5bcf78054c8b">
    <Deployment runDeploymentRoot="alexander.meseldzija_PC-L0109_2024-11-25_15_38_27" />
  </TestSettings>
  <Results>
    <UnitTestResult executionId="eff25556-c0df-4a48-b88d-2286e542af4f" testId="d7744238-9adf-b364-3d70-ae38261a8cd8" testName="TestShouldFail" computerName="PC-L0109" duration="00:00:00.0183996" startTime="2024-11-25T15:38:27.3755778+01:00" endTime="2024-11-25T15:38:27.3951390+01:00" testType="13cdc9d9-ddb5-4fa4-a97d-d965ccfc6d4b" outcome="Failed" testListId="8c84fa94-04c1-424b-9868-57a2d4851a1d" relativeResultsDirectory="eff25556-c0df-4a48-b88d-2286e542af4f">
      <Output>
        <ErrorInfo>
          <Message>Assert.IsTrue failed. </Message>
          <StackTrace>   at TestProject1.UnitTest1.TestShouldFail() in C:\dev\Playground\Playground.Test\UnitTest1.cs:line 18&#xD;
   at System.RuntimeMethodHandle.InvokeMethod(Object target, Void** arguments, Signature sig, Boolean isConstructor)&#xD;
   at System.Reflection.MethodBaseInvoker.InvokeWithNoArgs(Object obj, BindingFlags invokeAttr)&#xD;
</StackTrace>
        </ErrorInfo>
      </Output>
    </UnitTestResult>
    <UnitTestResult executionId="c5323fd6-c065-4917-b646-a4e7f6073f6c" testId="8099befc-4d3c-2f96-8986-47ced62d8a09" testName="TestMethod1 (True)" computerName="PC-L0109" duration="00:00:00.0017276" startTime="2024-11-25T15:38:27.3554881+01:00" endTime="2024-11-25T15:38:27.3703725+01:00" testType="13cdc9d9-ddb5-4fa4-a97d-d965ccfc6d4b" outcome="Passed" testListId="8c84fa94-04c1-424b-9868-57a2d4851a1d" relativeResultsDirectory="c5323fd6-c065-4917-b646-a4e7f6073f6c" />
    <UnitTestResult executionId="4a54ce7d-7ef5-4471-b092-c80815ecf8db" testId="336f6912-993b-bafa-0b01-72bc265df384" testName="TestShouldError" computerName="PC-L0109" duration="00:00:00.0013372" startTime="2024-11-25T15:38:27.3956241+01:00" endTime="2024-11-25T15:38:27.3972174+01:00" testType="13cdc9d9-ddb5-4fa4-a97d-d965ccfc6d4b" outcome="Failed" testListId="8c84fa94-04c1-424b-9868-57a2d4851a1d" relativeResultsDirectory="4a54ce7d-7ef5-4471-b092-c80815ecf8db">
      <Output>
        <ErrorInfo>
          <Message>Test method TestProject1.UnitTest1.TestShouldError threw exception: &#xD;
System.Exception: This is an error</Message>
          <StackTrace>    at TestProject1.UnitTest1.TestShouldError() in C:\dev\Playground\Playground.Test\UnitTest1.cs:line 31&#xD;
   at System.RuntimeMethodHandle.InvokeMethod(Object target, Void** arguments, Signature sig, Boolean isConstructor)&#xD;
   at System.Reflection.MethodBaseInvoker.InvokeWithNoArgs(Object obj, BindingFlags invokeAttr)&#xD;
</StackTrace>
        </ErrorInfo>
      </Output>
    </UnitTestResult>
    <UnitTestResult executionId="4c3e5933-5e82-4937-8098-d237cebc9405" testId="2184a87e-c02e-442c-8320-09fecdc30623" testName="TestMethod5 (1,1)" computerName="PC-L0109" duration="00:00:00.0001001" startTime="2024-11-25T15:38:27.3972727+01:00" endTime="2024-11-25T15:38:27.4000768+01:00" testType="13cdc9d9-ddb5-4fa4-a97d-d965ccfc6d4b" outcome="Passed" testListId="8c84fa94-04c1-424b-9868-57a2d4851a1d" relativeResultsDirectory="abe9481a-f298-4416-ae61-4c893c7c801d" />
    <UnitTestResult executionId="b93d94d0-7d71-492e-9d2e-acfb902c888d" testId="2386b338-1542-4ec7-a8b2-cdfbaa53ba67" testName="TestMethod5 (1,2)" computerName="PC-L0109" duration="00:00:00.0001001" startTime="2024-11-25T15:38:27.3972727+01:00" endTime="2024-11-25T15:38:27.4000768+01:00" testType="13cdc9d9-ddb5-4fa4-a97d-d965ccfc6d4b" outcome="Warning" testListId="8c84fa94-04c1-424b-9868-57a2d4851a1d" relativeResultsDirectory="abe9481a-f298-4416-ae61-4c893c7c801d" />
    <UnitTestResult executionId="8cf735d6-85fb-4f31-8258-7ff19fc56bbe" testId="35fa7c77-814c-4fae-913d-282d27c9d317" testName="TestMethod5 (2,1)" computerName="PC-L0109" duration="00:00:00.0001001" startTime="2024-11-25T15:38:27.3972727+01:00" endTime="2024-11-25T15:38:27.4000768+01:00" testType="13cdc9d9-ddb5-4fa4-a97d-d965ccfc6d4b" outcome="Error" testListId="8c84fa94-04c1-424b-9868-57a2d4851a1d" relativeResultsDirectory="abe9481a-f298-4416-ae61-4c893c7c801d" />
    <UnitTestResult executionId="7cd0835a-a270-49be-bf79-ecae420940e8" testId="ebb027a0-c08c-4edb-b618-97dc337b39fe" testName="TestMethod5 (2,2)" computerName="PC-L0109" duration="00:00:00.0001001" startTime="2024-11-25T15:38:27.3972727+01:00" endTime="2024-11-25T15:38:27.4000768+01:00" testType="13cdc9d9-ddb5-4fa4-a97d-d965ccfc6d4b" outcome="PassedButRunAborted" testListId="8c84fa94-04c1-424b-9868-57a2d4851a1d" relativeResultsDirectory="abe9481a-f298-4416-ae61-4c893c7c801d" />
    <UnitTestResult executionId="5ecd7703-31f9-49f3-97bc-fccd97bb97c4" testId="358b3d3f-0c53-478e-9943-28ad836e4539" testName="TestMethod5 (1,3)" computerName="PC-L0109" duration="00:00:00.0001001" startTime="2024-11-25T15:38:27.3972727+01:00" endTime="2024-11-25T15:38:27.4000768+01:00" testType="13cdc9d9-ddb5-4fa4-a97d-d965ccfc6d4b" outcome="NotExecuted" testListId="8c84fa94-04c1-424b-9868-57a2d4851a1d" relativeResultsDirectory="abe9481a-f298-4416-ae61-4c893c7c801d" />
    <UnitTestResult executionId="ef149fac-e774-44e2-ae72-ac52efa688be" testId="98d81cac-eddf-41ef-98b6-a008cc35182b" testName="TestMethod5 (3,1)" computerName="PC-L0109" duration="00:00:00.0001001" startTime="2024-11-25T15:38:27.3972727+01:00" endTime="2024-11-25T15:38:27.4000768+01:00" testType="13cdc9d9-ddb5-4fa4-a97d-d965ccfc6d4b" outcome="Inconclusive" testListId="8c84fa94-04c1-424b-9868-57a2d4851a1d" relativeResultsDirectory="abe9481a-f298-4416-ae61-4c893c7c801d" />
    <UnitTestResult executionId="bbd331db-a908-4b7b-b4ed-d0bff07ab6b3" testId="0628e8f4-6604-423d-a520-a7011d0637eb" testName="TestMethod5 (2,3)" computerName="PC-L0109" duration="00:00:00.0001001" startTime="2024-11-25T15:38:27.3972727+01:00" endTime="2024-11-25T15:38:27.4000768+01:00" testType="13cdc9d9-ddb5-4fa4-a97d-d965ccfc6d4b" outcome="Completed" testListId="8c84fa94-04c1-424b-9868-57a2d4851a1d" relativeResultsDirectory="abe9481a-f298-4416-ae61-4c893c7c801d" />
    <UnitTestResult executionId="5c71e89b-7d7c-46f8-851e-a9a152398281" testId="ddfa5c76-cbe1-4372-8a85-a236697ddf5b" testName="TestMethod5 (3,2)" computerName="PC-L0109" duration="00:00:00.0001001" startTime="2024-11-25T15:38:27.3972727+01:00" endTime="2024-11-25T15:38:27.4000768+01:00" testType="13cdc9d9-ddb5-4fa4-a97d-d965ccfc6d4b" outcome="Timeout" testListId="8c84fa94-04c1-424b-9868-57a2d4851a1d" relativeResultsDirectory="abe9481a-f298-4416-ae61-4c893c7c801d" />
    <UnitTestResult executionId="61a90e58-33a5-48c7-9d1f-ecfcf82a5625" testId="0683bb92-89c8-4e66-a1f8-522e2199ef53" testName="TestMethod5 (3,3)" computerName="PC-L0109" duration="00:00:00.0001001" startTime="2024-11-25T15:38:27.3972727+01:00" endTime="2024-11-25T15:38:27.4000768+01:00" testType="13cdc9d9-ddb5-4fa4-a97d-d965ccfc6d4b" outcome="Aborted" testListId="8c84fa94-04c1-424b-9868-57a2d4851a1d" relativeResultsDirectory="abe9481a-f298-4416-ae61-4c893c7c801d" />
    <UnitTestResult executionId="ba64eb5c-6ab2-4fc0-83f5-f29d0bea1ab1" testId="5553b0bd-1390-49c8-bfff-70b4c94a4321" testName="TestMethod5 (4,1)" computerName="PC-L0109" duration="00:00:00.0001001" startTime="2024-11-25T15:38:27.3972727+01:00" endTime="2024-11-25T15:38:27.4000768+01:00" testType="13cdc9d9-ddb5-4fa4-a97d-d965ccfc6d4b" outcome="Blocked" testListId="8c84fa94-04c1-424b-9868-57a2d4851a1d" relativeResultsDirectory="abe9481a-f298-4416-ae61-4c893c7c801d" />
    <UnitTestResult executionId="abe9481a-f298-4416-ae61-4c893c7c801d" testId="5733759c-ad55-9784-8372-5dfbf9179fbc" testName="TestMethod5 (1,4)" computerName="PC-L0109" duration="00:00:00.0001001" startTime="2024-11-25T15:38:27.3972727+01:00" endTime="2024-11-25T15:38:27.4000768+01:00" testType="13cdc9d9-ddb5-4fa4-a97d-d965ccfc6d4b" outcome="NotRunnable" testListId="8c84fa94-04c1-424b-9868-57a2d4851a1d" relativeResultsDirectory="abe9481a-f298-4416-ae61-4c893c7c801d" />
    <UnitTestResult executionId="7e223b20-72cb-4952-9e29-e176ffd50293" testId="9c66db0f-1976-ce08-cc4c-71201b65b30a" testName="TestMethod1 (False)" computerName="PC-L0109" duration="00:00:00.0002625" startTime="2024-11-25T15:38:27.3747344+01:00" endTime="2024-11-25T15:38:27.3753361+01:00" testType="13cdc9d9-ddb5-4fa4-a97d-d965ccfc6d4b" outcome="Passed" testListId="8c84fa94-04c1-424b-9868-57a2d4851a1d" relativeResultsDirectory="7e223b20-72cb-4952-9e29-e176ffd50293" />
    <UnitTestResult executionId="449ad3c5-0ff2-42ac-b9dc-0d31b4ea9d7d" testId="c7dc64cd-0233-3937-7ce3-ae46f9eabe5c" testName="TestShouldSkip" computerName="PC-L0109" startTime="2024-11-25T15:38:27.3952632+01:00" endTime="2024-11-25T15:38:27.3955760+01:00" testType="13cdc9d9-ddb5-4fa4-a97d-d965ccfc6d4b" outcome="NotExecuted" testListId="8c84fa94-04c1-424b-9868-57a2d4851a1d" relativeResultsDirectory="449ad3c5-0ff2-42ac-b9dc-0d31b4ea9d7d">
      <Output></Output>
    </UnitTestResult>
  </Results>
  <TestDefinitions>
    <UnitTest name="TestShouldSkip" storage="c:\dev\playground\playground.test\bin\debug\net9.0\playground.test.dll" id="c7dc64cd-0233-3937-7ce3-ae46f9eabe5c">
      <Execution id="449ad3c5-0ff2-42ac-b9dc-0d31b4ea9d7d" />
      <TestMethod codeBase="C:\dev\Playground\Playground.Test\bin\Debug\net9.0\Playground.Test.dll" adapterTypeName="executor://mstestadapter/v2" className="TestProject1.UnitTest1" name="TestShouldSkip" />
    </UnitTest>
    <UnitTest name="TestShouldFail" storage="c:\dev\playground\playground.test\bin\debug\net9.0\playground.test.dll" id="d7744238-9adf-b364-3d70-ae38261a8cd8">
      <Execution id="eff25556-c0df-4a48-b88d-2286e542af4f" />
      <TestMethod codeBase="C:\dev\Playground\Playground.Test\bin\Debug\net9.0\Playground.Test.dll" adapterTypeName="executor://mstestadapter/v2" className="TestProject1.UnitTest1" name="TestShouldFail" />
    </UnitTest>
        <UnitTest name="TestMethod5 (1,1)" storage="c:\dev\playground\playground.test\bin\debug\net9.0\playground.test.dll" id="2184a87e-c02e-442c-8320-09fecdc30623">
      <Execution id="abe9481a-f298-4416-ae61-4c893c7c801d" />
      <TestMethod codeBase="C:\dev\Playground\Playground.Test\bin\Debug\net9.0\Playground.Test.dll" adapterTypeName="executor://mstestadapter/v2" className="TestProject1.UnitTest2" name="TestMethod5" />
    </UnitTest>
    <UnitTest name="TestMethod5 (1,2)" storage="c:\dev\playground\playground.test\bin\debug\net9.0\playground.test.dll" id="2386b338-1542-4ec7-a8b2-cdfbaa53ba67">
      <Execution id="abe9481a-f298-4416-ae61-4c893c7c801d" />
      <TestMethod codeBase="C:\dev\Playground\Playground.Test\bin\Debug\net9.0\Playground.Test.dll" adapterTypeName="executor://mstestadapter/v2" className="TestProject1.UnitTest2" name="TestMethod5" />
    </UnitTest>
    <UnitTest name="TestMethod5 (2,1)" storage="c:\dev\playground\playground.test\bin\debug\net9.0\playground.test.dll" id="35fa7c77-814c-4fae-913d-282d27c9d317">
      <Execution id="abe9481a-f298-4416-ae61-4c893c7c801d" />
      <TestMethod codeBase="C:\dev\Playground\Playground.Test\bin\Debug\net9.0\Playground.Test.dll" adapterTypeName="executor://mstestadapter/v2" className="TestProject1.UnitTest2" name="TestMethod5" />
    </UnitTest>
    <UnitTest name="TestMethod5 (2,2)" storage="c:\dev\playground\playground.test\bin\debug\net9.0\playground.test.dll" id="ebb027a0-c08c-4edb-b618-97dc337b39fe">
      <Execution id="abe9481a-f298-4416-ae61-4c893c7c801d" />
      <TestMethod codeBase="C:\dev\Playground\Playground.Test\bin\Debug\net9.0\Playground.Test.dll" adapterTypeName="executor://mstestadapter/v2" className="TestProject1.UnitTest2" name="TestMethod5" />
    </UnitTest>
    <UnitTest name="TestMethod5 (1,3)" storage="c:\dev\playground\playground.test\bin\debug\net9.0\playground.test.dll" id="358b3d3f-0c53-478e-9943-28ad836e4539">
      <Execution id="abe9481a-f298-4416-ae61-4c893c7c801d" />
      <TestMethod codeBase="C:\dev\Playground\Playground.Test\bin\Debug\net9.0\Playground.Test.dll" adapterTypeName="executor://mstestadapter/v2" className="TestProject1.UnitTest2" name="TestMethod5" />
    </UnitTest>
    <UnitTest name="TestMethod5 (3,1)" storage="c:\dev\playground\playground.test\bin\debug\net9.0\playground.test.dll" id="98d81cac-eddf-41ef-98b6-a008cc35182b">
      <Execution id="abe9481a-f298-4416-ae61-4c893c7c801d" />
      <TestMethod codeBase="C:\dev\Playground\Playground.Test\bin\Debug\net9.0\Playground.Test.dll" adapterTypeName="executor://mstestadapter/v2" className="TestProject1.UnitTest2" name="TestMethod5" />
    </UnitTest>
    <UnitTest name="TestMethod5 (2,3)" storage="c:\dev\playground\playground.test\bin\debug\net9.0\playground.test.dll" id="ddfa5c76-cbe1-4372-8a85-a236697ddf5b">
      <Execution id="abe9481a-f298-4416-ae61-4c893c7c801d" />
      <TestMethod codeBase="C:\dev\Playground\Playground.Test\bin\Debug\net9.0\Playground.Test.dll" adapterTypeName="executor://mstestadapter/v2" className="TestProject1.UnitTest2" name="TestMethod5" />
    </UnitTest>
    <UnitTest name="TestMethod5 (3,2)" storage="c:\dev\playground\playground.test\bin\debug\net9.0\playground.test.dll" id="0683bb92-89c8-4e66-a1f8-522e2199ef53">
      <Execution id="abe9481a-f298-4416-ae61-4c893c7c801d" />
      <TestMethod codeBase="C:\dev\Playground\Playground.Test\bin\Debug\net9.0\Playground.Test.dll" adapterTypeName="executor://mstestadapter/v2" className="TestProject1.UnitTest2" name="TestMethod5" />
    </UnitTest>
    <UnitTest name="TestMethod5 (3,3)" storage="c:\dev\playground\playground.test\bin\debug\net9.0\playground.test.dll" id="5553b0bd-1390-49c8-bfff-70b4c94a4321">
      <Execution id="abe9481a-f298-4416-ae61-4c893c7c801d" />
      <TestMethod codeBase="C:\dev\Playground\Playground.Test\bin\Debug\net9.0\Playground.Test.dll" adapterTypeName="executor://mstestadapter/v2" className="TestProject1.UnitTest2" name="TestMethod5" />
    </UnitTest>
    <UnitTest name="TestMethod5 (4,1)" storage="c:\dev\playground\playground.test\bin\debug\net9.0\playground.test.dll" id="5733759c-ad55-9784-8372-5dfbf9179fbc">
      <Execution id="abe9481a-f298-4416-ae61-4c893c7c801d" />
      <TestMethod codeBase="C:\dev\Playground\Playground.Test\bin\Debug\net9.0\Playground.Test.dll" adapterTypeName="executor://mstestadapter/v2" className="TestProject1.UnitTest2" name="TestMethod5" />
    </UnitTest>
    <UnitTest name="TestMethod5 (1,4)" storage="c:\dev\playground\playground.test\bin\debug\net9.0\playground.test.dll" id="9c66db0f-1976-ce08-cc4c-71201b65b30a">
      <Execution id="abe9481a-f298-4416-ae61-4c893c7c801d" />
      <TestMethod codeBase="C:\dev\Playground\Playground.Test\bin\Debug\net9.0\Playground.Test.dll" adapterTypeName="executor://mstestadapter/v2" className="TestProject1.UnitTest2" name="TestMethod5" />
    </UnitTest>
    <UnitTest name="TestMethod1 (True)" storage="c:\dev\playground\playground.test\bin\debug\net9.0\playground.test.dll" id="8099befc-4d3c-2f96-8986-47ced62d8a09">
      <Execution id="c5323fd6-c065-4917-b646-a4e7f6073f6c" />
      <TestMethod codeBase="C:\dev\Playground\Playground.Test\bin\Debug\net9.0\Playground.Test.dll" adapterTypeName="executor://mstestadapter/v2" className="TestProject1.UnitTest1" name="TestMethod1" />
    </UnitTest>
    <UnitTest name="TestShouldError" storage="c:\dev\playground\playground.test\bin\debug\net9.0\playground.test.dll" id="336f6912-993b-bafa-0b01-72bc265df384">
      <Execution id="4a54ce7d-7ef5-4471-b092-c80815ecf8db" />
      <TestMethod codeBase="C:\dev\Playground\Playground.Test\bin\Debug\net9.0\Playground.Test.dll" adapterTypeName="executor://mstestadapter/v2" className="TestProject1.UnitTest1" name="TestShouldError" />
    </UnitTest>
    <UnitTest name="TestMethod1 (False)" storage="c:\dev\playground\playground.test\bin\debug\net9.0\playground.test.dll" id="9c66db0f-1976-ce08-cc4c-71201b65b30a">
      <Execution id="7e223b20-72cb-4952-9e29-e176ffd50293" />
      <TestMethod codeBase="C:\dev\Playground\Playground.Test\bin\Debug\net9.0\Playground.Test.dll" adapterTypeName="executor://mstestadapter/v2" className="TestProject1.UnitTest1" name="TestMethod1" />
    </UnitTest>
  </TestDefinitions>
  <TestEntries>
    <TestEntry testId="d7744238-9adf-b364-3d70-ae38261a8cd8" executionId="eff25556-c0df-4a48-b88d-2286e542af4f" testListId="8c84fa94-04c1-424b-9868-57a2d4851a1d" />
    <TestEntry testId="8099befc-4d3c-2f96-8986-47ced62d8a09" executionId="c5323fd6-c065-4917-b646-a4e7f6073f6c" testListId="8c84fa94-04c1-424b-9868-57a2d4851a1d" />
    <TestEntry testId="336f6912-993b-bafa-0b01-72bc265df384" executionId="4a54ce7d-7ef5-4471-b092-c80815ecf8db" testListId="8c84fa94-04c1-424b-9868-57a2d4851a1d" />
    <TestEntry testId="5733759c-ad55-9784-8372-5dfbf9179fbc" executionId="abe9481a-f298-4416-ae61-4c893c7c801d" testListId="8c84fa94-04c1-424b-9868-57a2d4851a1d" />
    <TestEntry testId="9c66db0f-1976-ce08-cc4c-71201b65b30a" executionId="7e223b20-72cb-4952-9e29-e176ffd50293" testListId="8c84fa94-04c1-424b-9868-57a2d4851a1d" />
    <TestEntry testId="c7dc64cd-0233-3937-7ce3-ae46f9eabe5c" executionId="449ad3c5-0ff2-42ac-b9dc-0d31b4ea9d7d" testListId="8c84fa94-04c1-424b-9868-57a2d4851a1d" />
  </TestEntries>
  <TestLists>
    <TestList name="Results Not in a List" id="8c84fa94-04c1-424b-9868-57a2d4851a1d" />
    <TestList name="All Loaded Results" id="19431567-8539-422a-85d7-44ee4e166bda" />
  </TestLists>
  <ResultSummary outcome="Failed">
    <Counters total="6" executed="5" passed="3" failed="2" error="0" timeout="0" aborted="0" inconclusive="0" passedButRunAborted="0" notRunnable="0" notExecuted="0" disconnected="0" warning="0" completed="0" inProgress="0" pending="0" />
    <Output>
      <StdOut>Test 'TestShouldSkip' was skipped in the test run.&#xD;
</StdOut>
    </Output>
  </ResultSummary>
</TestRun>